<?xml version="1.0" encoding="UTF-8"?>
<testng-results skipped="0" failed="0" total="1" passed="1">
  <reporter-output>
  </reporter-output>
  <suite name="Suite" duration-ms="31543" started-at="2019-05-21T05:56:38Z" finished-at="2019-05-21T05:57:10Z">
    <groups>
    </groups>
    <test name="Test" duration-ms="31543" started-at="2019-05-21T05:56:38Z" finished-at="2019-05-21T05:57:10Z">
      <class name="org.test.Sample">
        <test-method status="PASS" signature="test1(java.lang.String, java.lang.String, java.lang.String, java.lang.String, java.lang.String, java.lang.String, java.lang.String)[pri:0, instance:org.test.Sample@36f6e879]" name="test1" duration-ms="31516" started-at="2019-05-21T11:26:38Z" finished-at="2019-05-21T11:27:10Z">
          <params>
            <param index="0">
              <value>
                <![CDATA[Hari]]>
              </value>
            </param>
            <param index="1">
              <value>
                <![CDATA[Prasath]]>
              </value>
            </param>
            <param index="2">
              <value>
                <![CDATA[176C5jkknataraja]]>
              </value>
            </param>
            <param index="3">
              <value>
                <![CDATA[harimech18@gmail.com]]>
              </value>
            </param>
            <param index="4">
              <value>
                <![CDATA[8754949406]]>
              </value>
            </param>
            <param index="5">
              <value>
                <![CDATA[12345678]]>
              </value>
            </param>
            <param index="6">
              <value>
                <![CDATA[12345678]]>
              </value>
            </param>
          </params>
          <reporter-output>
          </reporter-output>
        </test-method> <!-- test1 -->
      </class> <!-- org.test.Sample -->
    </test> <!-- Test -->
  </suite> <!-- Suite -->
</testng-results>
